<?xml version="1.0" encoding="utf-8"?><testsuites name="pytest tests"><testsuite name="pytest" errors="0" failures="0" skipped="0" tests="15" time="12.106" timestamp="2026-08-08T21:13:44.552351+00:00" hostname="agent-env-a62c643d-5415-4603-95ae-ca2c1d26ca0c"><testcase classname="tests.test_macrolens_api.TestAuth" name="test_me_without_bearer_returns_401" time="0.266" /><testcase classname="tests.test_macrolens_api.TestGoals" name="test_get_goals" time="0.314" /><testcase classname="tests.test_macrolens_api.TestAuth" name="test_me_with_invalid_bearer_returns_401" time="0.134" /><testcase classname="tests.test_macrolens_api.TestGoals" name="test_put_goals_updates_and_persists" time="0.256" /><testcase classname="tests.test_macrolens_api.TestAuth" name="test_auth_session_invalid_session_id_returns_401" time="0.201" /><testcase classname="tests.test_macrolens_api.TestWater" name="test_get_water_default_zero" time="0.145" /><testcase classname="tests.test_macrolens_api.TestAuth" name="test_auth_me_seeded_session" time="0.111" /><testcase classname="tests.test_macrolens_api.TestBarcode" name="test_barcode_nutella" time="0.717" /><testcase classname="tests.test_macrolens_api.TestWater" name="test_increment_water" time="0.350" /><testcase classname="tests.test_macrolens_api.TestFoods" name="test_create_get_delete_food" time="0.450" /><testcase classname="tests.test_macrolens_api.TestBarcode" name="test_barcode_not_found" time="0.482" /><testcase classname="tests.test_macrolens_api.TestWeight" name="test_create_and_list_weight" time="0.262" /><testcase classname="tests.test_macrolens_api.TestWorkouts" name="test_workout_crud" time="0.443" /><testcase classname="tests.test_macrolens_api.TestSummary" name="test_summary_today" time="0.385" /><testcase classname="tests.test_macrolens_api.TestAIFood" name="test_analyze_food_gemini" time="8.924" /></testsuite></testsuites>